<?xml version="1.0" encoding="UTF-8"?>
<robot generator="Robot 6.1.1 (Python 3.11.2 on win32)" generated="20230730 21:00:11.832" rpa="false" schemaversion="4">
<suite id="s1" name="HRM ROBOT" source="D:\Robot\HRM_ROBOT">
<suite id="s1-s1" name="Tests" source="D:\Robot\HRM_ROBOT\tests">
<suite id="s1-s1-s1" name="Login Test" source="D:\Robot\HRM_ROBOT\tests\Login_Test.robot">
<test id="s1-s1-s1-t1" name="Validate the login functionality of HRM application" line="19">
<kw name="open the browser with HRM application" library="Login_Page">
<kw name="Create Webdriver" library="SeleniumLibrary">
<arg>Chrome</arg>
<arg>executable_path=D:/chromedriver_win32/chromedriver</arg>
<doc>Creates an instance of Selenium WebDriver.</doc>
<msg timestamp="20230730 21:00:12.026" level="INFO">Creating an instance of the Chrome WebDriver.</msg>
<status status="PASS" starttime="20230730 21:00:12.026" endtime="20230730 21:00:13.156"/>
</kw>
<kw name="Maximize Browser Window" library="SeleniumLibrary">
<doc>Maximizes current browser window.</doc>
<status status="PASS" starttime="20230730 21:00:13.156" endtime="20230730 21:00:13.290"/>
</kw>
<kw name="Go To" library="SeleniumLibrary">
<arg>${url}</arg>
<doc>Navigates the current browser window to the provided ``url``.</doc>
<msg timestamp="20230730 21:00:13.290" level="INFO">Opening url 'https://opensource-demo.orangehrmlive.com/web/index.php/auth/login'</msg>
<status status="PASS" starttime="20230730 21:00:13.290" endtime="20230730 21:00:23.765"/>
</kw>
<status status="PASS" starttime="20230730 21:00:12.026" endtime="20230730 21:00:23.765"/>
</kw>
<kw name="enter the valid credentails of the users" library="Login_Page">
<kw name="Wait Until Element Is Visible" library="SeleniumLibrary">
<arg>${user_name}</arg>
<doc>Waits until the element ``locator`` is visible.</doc>
<status status="PASS" starttime="20230730 21:00:23.766" endtime="20230730 21:00:24.650"/>
</kw>
<kw name="Input Text" library="SeleniumLibrary">
<arg>${user_name}</arg>
<arg>${user}</arg>
<doc>Types the given ``text`` into the text field identified by ``locator``.</doc>
<msg timestamp="20230730 21:00:24.650" level="INFO">Typing text 'Admin' into text field 'css:.oxd-input[name='username']'.</msg>
<status status="PASS" starttime="20230730 21:00:24.650" endtime="20230730 21:00:24.812"/>
</kw>
<kw name="Wait Until Element Is Visible" library="SeleniumLibrary">
<arg>${password}</arg>
<doc>Waits until the element ``locator`` is visible.</doc>
<status status="PASS" starttime="20230730 21:00:24.812" endtime="20230730 21:00:24.850"/>
</kw>
<kw name="Input Password" library="SeleniumLibrary">
<arg>${password}</arg>
<arg>${pwd}</arg>
<doc>Types the given password into the text field identified by ``locator``.</doc>
<msg timestamp="20230730 21:00:24.850" level="INFO">Typing password into text field 'xpath://input[@name='password' and @type='password']'.</msg>
<msg timestamp="20230730 21:00:24.910" level="INFO">Temporally setting log level to: NONE</msg>
<msg timestamp="20230730 21:00:25.017" level="INFO">Log level changed from NONE to INFO.</msg>
<status status="PASS" starttime="20230730 21:00:24.850" endtime="20230730 21:00:25.017"/>
</kw>
<kw name="Wait Until Element Is Visible" library="SeleniumLibrary">
<arg>${login_button}</arg>
<doc>Waits until the element ``locator`` is visible.</doc>
<status status="PASS" starttime="20230730 21:00:25.017" endtime="20230730 21:00:25.088"/>
</kw>
<kw name="Click Button" library="SeleniumLibrary">
<arg>${login_button}</arg>
<doc>Clicks the button identified by ``locator``.</doc>
<msg timestamp="20230730 21:00:25.088" level="INFO">Clicking button 'css:.orangehrm-login-action button'.</msg>
<status status="PASS" starttime="20230730 21:00:25.088" endtime="20230730 21:00:26.446"/>
</kw>
<status status="PASS" starttime="20230730 21:00:23.766" endtime="20230730 21:00:26.446"/>
</kw>
<kw name="verify the user successfully login into the application" library="Login_Page">
<kw name="Wait Until Element Is Visible" library="SeleniumLibrary">
<arg>${dashboard}</arg>
<arg>10s</arg>
<doc>Waits until the element ``locator`` is visible.</doc>
<status status="PASS" starttime="20230730 21:00:26.446" endtime="20230730 21:00:26.925"/>
</kw>
<kw name="Page Should Contain" library="SeleniumLibrary">
<arg>Dashboard</arg>
<doc>Verifies that current page contains ``text``.</doc>
<msg timestamp="20230730 21:00:26.954" level="INFO">Current page contains text 'Dashboard'.</msg>
<status status="PASS" starttime="20230730 21:00:26.926" endtime="20230730 21:00:26.954"/>
</kw>
<status status="PASS" starttime="20230730 21:00:26.446" endtime="20230730 21:00:26.954"/>
</kw>
<status status="PASS" starttime="20230730 21:00:12.025" endtime="20230730 21:00:26.954"/>
</test>
<doc>This test case is design to verify the login functionality of the application
Keywords and page objects are seprate in Login_page file</doc>
<status status="PASS" starttime="20230730 21:00:11.856" endtime="20230730 21:00:26.954"/>
</suite>
<status status="PASS" starttime="20230730 21:00:11.840" endtime="20230730 21:00:26.954"/>
</suite>
<status status="PASS" starttime="20230730 21:00:11.834" endtime="20230730 21:00:26.954"/>
</suite>
<statistics>
<total>
<stat pass="1" fail="0" skip="0">All Tests</stat>
</total>
<tag>
</tag>
<suite>
<stat pass="1" fail="0" skip="0" id="s1" name="HRM ROBOT">HRM ROBOT</stat>
<stat pass="1" fail="0" skip="0" id="s1-s1" name="Tests">HRM ROBOT.Tests</stat>
<stat pass="1" fail="0" skip="0" id="s1-s1-s1" name="Login Test">HRM ROBOT.Tests.Login Test</stat>
</suite>
</statistics>
<errors>
</errors>
</robot>
